{"/home/cairo/Downloads/MeuCaramelo/backend/src/pets/pets.js": {"path":"/home/cairo/Downloads/MeuCaramelo/backend/src/pets/pets.js","statementMap":{"0":{"start":{"line":12,"column":4},"end":{"line":12,"column":38}},"1":{"start":{"line":32,"column":4},"end":{"line":34,"column":5}},"2":{"start":{"line":33,"column":6},"end":{"line":33,"column":39}},"3":{"start":{"line":35,"column":4},"end":{"line":37,"column":5}},"4":{"start":{"line":36,"column":6},"end":{"line":36,"column":40}},"5":{"start":{"line":38,"column":4},"end":{"line":38,"column":21}},"6":{"start":{"line":39,"column":4},"end":{"line":39,"column":23}},"7":{"start":{"line":40,"column":4},"end":{"line":40,"column":23}},"8":{"start":{"line":41,"column":4},"end":{"line":41,"column":29}},"9":{"start":{"line":42,"column":4},"end":{"line":42,"column":29}},"10":{"start":{"line":43,"column":4},"end":{"line":43,"column":21}},"11":{"start":{"line":44,"column":4},"end":{"line":44,"column":35}},"12":{"start":{"line":53,"column":4},"end":{"line":53,"column":32}},"13":{"start":{"line":70,"column":17},"end":{"line":70,"column":36}},"14":{"start":{"line":71,"column":4},"end":{"line":71,"column":61}},"15":{"start":{"line":71,"column":31},"end":{"line":71,"column":59}},"16":{"start":{"line":83,"column":20},"end":{"line":91,"column":5}},"17":{"start":{"line":92,"column":4},"end":{"line":92,"column":40}},"18":{"start":{"line":103,"column":4},"end":{"line":103,"column":28}},"19":{"start":{"line":108,"column":20},"end":{"line":108,"column":37}},"20":{"start":{"line":114,"column":17},"end":{"line":114,"column":59}},"21":{"start":{"line":114,"column":30},"end":{"line":114,"column":59}},"22":{"start":{"line":115,"column":18},"end":{"line":115,"column":61}},"23":{"start":{"line":115,"column":31},"end":{"line":115,"column":61}},"24":{"start":{"line":116,"column":18},"end":{"line":116,"column":61}},"25":{"start":{"line":116,"column":31},"end":{"line":116,"column":61}},"26":{"start":{"line":118,"column":0},"end":{"line":124,"column":2}}},"fnMap":{"0":{"name":"(anonymous_0)","decl":{"start":{"line":31,"column":2},"end":{"line":31,"column":3}},"loc":{"start":{"line":31,"column":73},"end":{"line":45,"column":3}},"line":31},"1":{"name":"(anonymous_1)","decl":{"start":{"line":52,"column":2},"end":{"line":52,"column":3}},"loc":{"start":{"line":52,"column":33},"end":{"line":54,"column":3}},"line":52},"2":{"name":"(anonymous_2)","decl":{"start":{"line":69,"column":2},"end":{"line":69,"column":3}},"loc":{"start":{"line":69,"column":19},"end":{"line":72,"column":3}},"line":69},"3":{"name":"(anonymous_3)","decl":{"start":{"line":71,"column":21},"end":{"line":71,"column":22}},"loc":{"start":{"line":71,"column":31},"end":{"line":71,"column":59}},"line":71},"4":{"name":"(anonymous_4)","decl":{"start":{"line":81,"column":2},"end":{"line":81,"column":3}},"loc":{"start":{"line":81,"column":23},"end":{"line":93,"column":3}},"line":81},"5":{"name":"(anonymous_5)","decl":{"start":{"line":102,"column":2},"end":{"line":102,"column":3}},"loc":{"start":{"line":102,"column":22},"end":{"line":104,"column":3}},"line":102},"6":{"name":"(anonymous_6)","decl":{"start":{"line":114,"column":17},"end":{"line":114,"column":18}},"loc":{"start":{"line":114,"column":30},"end":{"line":114,"column":59}},"line":114},"7":{"name":"(anonymous_7)","decl":{"start":{"line":115,"column":18},"end":{"line":115,"column":19}},"loc":{"start":{"line":115,"column":31},"end":{"line":115,"column":61}},"line":115},"8":{"name":"(anonymous_8)","decl":{"start":{"line":116,"column":18},"end":{"line":116,"column":19}},"loc":{"start":{"line":116,"column":31},"end":{"line":116,"column":61}},"line":116}},"branchMap":{"0":{"loc":{"start":{"line":32,"column":4},"end":{"line":34,"column":5}},"type":"if","locations":[{"start":{"line":32,"column":4},"end":{"line":34,"column":5}},{"start":{},"end":{}}],"line":32},"1":{"loc":{"start":{"line":32,"column":8},"end":{"line":32,"column":41}},"type":"binary-expr","locations":[{"start":{"line":32,"column":8},"end":{"line":32,"column":13}},{"start":{"line":32,"column":17},"end":{"line":32,"column":41}}],"line":32},"2":{"loc":{"start":{"line":35,"column":4},"end":{"line":37,"column":5}},"type":"if","locations":[{"start":{"line":35,"column":4},"end":{"line":37,"column":5}},{"start":{},"end":{}}],"line":35},"3":{"loc":{"start":{"line":35,"column":8},"end":{"line":35,"column":46}},"type":"binary-expr","locations":[{"start":{"line":35,"column":8},"end":{"line":35,"column":33}},{"start":{"line":35,"column":37},"end":{"line":35,"column":46}}],"line":35}},"s":{"0":1,"1":23,"2":4,"3":19,"4":2,"5":17,"6":17,"7":17,"8":17,"9":17,"10":17,"11":17,"12":3,"13":4,"14":4,"15":15,"16":6,"17":4,"18":3,"19":1,"20":1,"21":2,"22":1,"23":3,"24":1,"25":1,"26":1},"f":{"0":23,"1":3,"2":4,"3":15,"4":6,"5":3,"6":2,"7":3,"8":1},"b":{"0":[4,19],"1":[23,20],"2":[2,17],"3":[19,18]},"inputSourceMap":null,"_coverageSchema":"1a1c01bbd47fc00a2c39e90264f33305004495a9","hash":"f62bcc1dc2abcf234a2270abdea6281a50c2bfc4"}
,"/home/cairo/Downloads/MeuCaramelo/backend/src/searchDogs/searchDogs.js": {"path":"/home/cairo/Downloads/MeuCaramelo/backend/src/searchDogs/searchDogs.js","statementMap":{"0":{"start":{"line":7,"column":14},"end":{"line":7,"column":30}},"1":{"start":{"line":19,"column":4},"end":{"line":19,"column":25}},"2":{"start":{"line":20,"column":4},"end":{"line":20,"column":56}},"3":{"start":{"line":31,"column":4},"end":{"line":33,"column":5}},"4":{"start":{"line":32,"column":6},"end":{"line":32,"column":47}},"5":{"start":{"line":34,"column":19},"end":{"line":34,"column":79}},"6":{"start":{"line":35,"column":21},"end":{"line":38,"column":5}},"7":{"start":{"line":39,"column":4},"end":{"line":41,"column":5}},"8":{"start":{"line":40,"column":6},"end":{"line":40,"column":45}},"9":{"start":{"line":42,"column":4},"end":{"line":42,"column":19}},"10":{"start":{"line":46,"column":0},"end":{"line":46,"column":28}}},"fnMap":{"0":{"name":"(anonymous_0)","decl":{"start":{"line":18,"column":2},"end":{"line":18,"column":3}},"loc":{"start":{"line":18,"column":22},"end":{"line":21,"column":3}},"line":18},"1":{"name":"(anonymous_1)","decl":{"start":{"line":30,"column":2},"end":{"line":30,"column":3}},"loc":{"start":{"line":30,"column":25},"end":{"line":43,"column":3}},"line":30}},"branchMap":{"0":{"loc":{"start":{"line":31,"column":4},"end":{"line":33,"column":5}},"type":"if","locations":[{"start":{"line":31,"column":4},"end":{"line":33,"column":5}},{"start":{},"end":{}}],"line":31},"1":{"loc":{"start":{"line":31,"column":8},"end":{"line":31,"column":41}},"type":"binary-expr","locations":[{"start":{"line":31,"column":8},"end":{"line":31,"column":13}},{"start":{"line":31,"column":17},"end":{"line":31,"column":41}}],"line":31},"2":{"loc":{"start":{"line":34,"column":19},"end":{"line":34,"column":79}},"type":"cond-expr","locations":[{"start":{"line":34,"column":33},"end":{"line":34,"column":74}},{"start":{"line":34,"column":77},"end":{"line":34,"column":79}}],"line":34},"3":{"loc":{"start":{"line":39,"column":4},"end":{"line":41,"column":5}},"type":"if","locations":[{"start":{"line":39,"column":4},"end":{"line":41,"column":5}},{"start":{},"end":{}}],"line":39},"4":{"loc":{"start":{"line":39,"column":8},"end":{"line":39,"column":34}},"type":"binary-expr","locations":[{"start":{"line":39,"column":8},"end":{"line":39,"column":13}},{"start":{"line":39,"column":17},"end":{"line":39,"column":34}}],"line":39}},"s":{"0":1,"1":5,"2":5,"3":4,"4":1,"5":3,"6":3,"7":3,"8":1,"9":2,"10":1},"f":{"0":5,"1":4},"b":{"0":[1,3],"1":[4,3],"2":[2,1],"3":[1,2],"4":[3,3]},"inputSourceMap":null,"_coverageSchema":"1a1c01bbd47fc00a2c39e90264f33305004495a9","hash":"af352ac95252a1991fc2a5163f8e826c4ccd5db0"}
,"/home/cairo/Downloads/MeuCaramelo/backend/src/services/externalApi.js": {"path":"/home/cairo/Downloads/MeuCaramelo/backend/src/services/externalApi.js","statementMap":{"0":{"start":{"line":16,"column":2},"end":{"line":16,"column":46}},"1":{"start":{"line":16,"column":27},"end":{"line":16,"column":44}},"2":{"start":{"line":17,"column":16},"end":{"line":17,"column":52}},"3":{"start":{"line":17,"column":40},"end":{"line":17,"column":51}},"4":{"start":{"line":18,"column":2},"end":{"line":18,"column":58}},"5":{"start":{"line":18,"column":20},"end":{"line":18,"column":58}},"6":{"start":{"line":19,"column":2},"end":{"line":19,"column":26}},"7":{"start":{"line":20,"column":2},"end":{"line":20,"column":14}},"8":{"start":{"line":26,"column":15},"end":{"line":48,"column":1}},"9":{"start":{"line":56,"column":2},"end":{"line":56,"column":46}},"10":{"start":{"line":56,"column":27},"end":{"line":56,"column":44}},"11":{"start":{"line":57,"column":2},"end":{"line":57,"column":21}},"12":{"start":{"line":67,"column":2},"end":{"line":67,"column":46}},"13":{"start":{"line":67,"column":27},"end":{"line":67,"column":44}},"14":{"start":{"line":68,"column":15},"end":{"line":68,"column":48}},"15":{"start":{"line":69,"column":2},"end":{"line":69,"column":20}},"16":{"start":{"line":70,"column":2},"end":{"line":70,"column":14}},"17":{"start":{"line":73,"column":0},"end":{"line":77,"column":2}}},"fnMap":{"0":{"name":"apiRemovePet","decl":{"start":{"line":15,"column":15},"end":{"line":15,"column":27}},"loc":{"start":{"line":15,"column":32},"end":{"line":21,"column":1}},"line":15},"1":{"name":"(anonymous_1)","decl":{"start":{"line":16,"column":20},"end":{"line":16,"column":21}},"loc":{"start":{"line":16,"column":27},"end":{"line":16,"column":44}},"line":16},"2":{"name":"(anonymous_2)","decl":{"start":{"line":17,"column":33},"end":{"line":17,"column":34}},"loc":{"start":{"line":17,"column":40},"end":{"line":17,"column":51}},"line":17},"3":{"name":"apiListPets","decl":{"start":{"line":55,"column":15},"end":{"line":55,"column":26}},"loc":{"start":{"line":55,"column":29},"end":{"line":58,"column":1}},"line":55},"4":{"name":"(anonymous_4)","decl":{"start":{"line":56,"column":20},"end":{"line":56,"column":21}},"loc":{"start":{"line":56,"column":27},"end":{"line":56,"column":44}},"line":56},"5":{"name":"apiCreatePet","decl":{"start":{"line":66,"column":15},"end":{"line":66,"column":27}},"loc":{"start":{"line":66,"column":33},"end":{"line":71,"column":1}},"line":66},"6":{"name":"(anonymous_6)","decl":{"start":{"line":67,"column":20},"end":{"line":67,"column":21}},"loc":{"start":{"line":67,"column":27},"end":{"line":67,"column":44}},"line":67}},"branchMap":{"0":{"loc":{"start":{"line":18,"column":2},"end":{"line":18,"column":58}},"type":"if","locations":[{"start":{"line":18,"column":2},"end":{"line":18,"column":58}},{"start":{},"end":{}}],"line":18}},"s":{"0":3,"1":3,"2":3,"3":13,"4":3,"5":1,"6":2,"7":2,"8":1,"9":4,"10":4,"11":4,"12":4,"13":4,"14":4,"15":4,"16":4,"17":1},"f":{"0":3,"1":3,"2":13,"3":4,"4":4,"5":4,"6":4},"b":{"0":[1,2]},"inputSourceMap":null,"_coverageSchema":"1a1c01bbd47fc00a2c39e90264f33305004495a9","hash":"e295dc059eb63b3449e790f843221d5018c06ded"}
}
