{"/home/cairo/Downloads/MeuCaramelo/backend/src/pets/pets.js": {"path":"/home/cairo/Downloads/MeuCaramelo/backend/src/pets/pets.js","statementMap":{"0":{"start":{"line":9,"column":4},"end":{"line":11,"column":5}},"1":{"start":{"line":10,"column":6},"end":{"line":10,"column":39}},"2":{"start":{"line":12,"column":4},"end":{"line":14,"column":5}},"3":{"start":{"line":13,"column":6},"end":{"line":13,"column":40}},"4":{"start":{"line":15,"column":4},"end":{"line":15,"column":21}},"5":{"start":{"line":16,"column":4},"end":{"line":16,"column":23}},"6":{"start":{"line":17,"column":4},"end":{"line":17,"column":23}},"7":{"start":{"line":18,"column":4},"end":{"line":18,"column":29}},"8":{"start":{"line":19,"column":4},"end":{"line":19,"column":29}},"9":{"start":{"line":20,"column":4},"end":{"line":20,"column":21}},"10":{"start":{"line":21,"column":4},"end":{"line":21,"column":35}},"11":{"start":{"line":25,"column":4},"end":{"line":25,"column":32}},"12":{"start":{"line":31,"column":17},"end":{"line":31,"column":36}},"13":{"start":{"line":32,"column":4},"end":{"line":32,"column":61}},"14":{"start":{"line":32,"column":31},"end":{"line":32,"column":59}},"15":{"start":{"line":37,"column":20},"end":{"line":45,"column":5}},"16":{"start":{"line":46,"column":4},"end":{"line":46,"column":40}},"17":{"start":{"line":50,"column":4},"end":{"line":50,"column":28}},"18":{"start":{"line":54,"column":20},"end":{"line":54,"column":37}},"19":{"start":{"line":55,"column":24},"end":{"line":55,"column":66}},"20":{"start":{"line":55,"column":37},"end":{"line":55,"column":66}},"21":{"start":{"line":56,"column":25},"end":{"line":56,"column":68}},"22":{"start":{"line":56,"column":38},"end":{"line":56,"column":68}},"23":{"start":{"line":57,"column":25},"end":{"line":57,"column":68}},"24":{"start":{"line":57,"column":38},"end":{"line":57,"column":68}}},"fnMap":{"0":{"name":"(anonymous_0)","decl":{"start":{"line":8,"column":2},"end":{"line":8,"column":3}},"loc":{"start":{"line":8,"column":73},"end":{"line":22,"column":3}},"line":8},"1":{"name":"(anonymous_1)","decl":{"start":{"line":24,"column":2},"end":{"line":24,"column":3}},"loc":{"start":{"line":24,"column":33},"end":{"line":26,"column":3}},"line":24},"2":{"name":"(anonymous_2)","decl":{"start":{"line":30,"column":2},"end":{"line":30,"column":3}},"loc":{"start":{"line":30,"column":19},"end":{"line":33,"column":3}},"line":30},"3":{"name":"(anonymous_3)","decl":{"start":{"line":32,"column":21},"end":{"line":32,"column":22}},"loc":{"start":{"line":32,"column":31},"end":{"line":32,"column":59}},"line":32},"4":{"name":"(anonymous_4)","decl":{"start":{"line":35,"column":2},"end":{"line":35,"column":3}},"loc":{"start":{"line":35,"column":23},"end":{"line":47,"column":3}},"line":35},"5":{"name":"(anonymous_5)","decl":{"start":{"line":49,"column":2},"end":{"line":49,"column":3}},"loc":{"start":{"line":49,"column":22},"end":{"line":51,"column":3}},"line":49},"6":{"name":"(anonymous_6)","decl":{"start":{"line":55,"column":24},"end":{"line":55,"column":25}},"loc":{"start":{"line":55,"column":37},"end":{"line":55,"column":66}},"line":55},"7":{"name":"(anonymous_7)","decl":{"start":{"line":56,"column":25},"end":{"line":56,"column":26}},"loc":{"start":{"line":56,"column":38},"end":{"line":56,"column":68}},"line":56},"8":{"name":"(anonymous_8)","decl":{"start":{"line":57,"column":25},"end":{"line":57,"column":26}},"loc":{"start":{"line":57,"column":38},"end":{"line":57,"column":68}},"line":57}},"branchMap":{"0":{"loc":{"start":{"line":9,"column":4},"end":{"line":11,"column":5}},"type":"if","locations":[{"start":{"line":9,"column":4},"end":{"line":11,"column":5}},{"start":{},"end":{}}],"line":9},"1":{"loc":{"start":{"line":9,"column":8},"end":{"line":9,"column":41}},"type":"binary-expr","locations":[{"start":{"line":9,"column":8},"end":{"line":9,"column":13}},{"start":{"line":9,"column":17},"end":{"line":9,"column":41}}],"line":9},"2":{"loc":{"start":{"line":12,"column":4},"end":{"line":14,"column":5}},"type":"if","locations":[{"start":{"line":12,"column":4},"end":{"line":14,"column":5}},{"start":{},"end":{}}],"line":12},"3":{"loc":{"start":{"line":12,"column":8},"end":{"line":12,"column":46}},"type":"binary-expr","locations":[{"start":{"line":12,"column":8},"end":{"line":12,"column":33}},{"start":{"line":12,"column":37},"end":{"line":12,"column":46}}],"line":12}},"s":{"0":23,"1":4,"2":19,"3":2,"4":17,"5":17,"6":17,"7":17,"8":17,"9":17,"10":17,"11":3,"12":4,"13":4,"14":15,"15":6,"16":4,"17":3,"18":1,"19":1,"20":2,"21":1,"22":3,"23":1,"24":1},"f":{"0":23,"1":3,"2":4,"3":15,"4":6,"5":3,"6":2,"7":3,"8":1},"b":{"0":[4,19],"1":[23,20],"2":[2,17],"3":[19,18]},"inputSourceMap":null,"_coverageSchema":"1a1c01bbd47fc00a2c39e90264f33305004495a9","hash":"6038dae0cb4960df8e79fb58a01baa28a58e9b48"}
,"/home/cairo/Downloads/MeuCaramelo/backend/src/services/externalApi.js": {"path":"/home/cairo/Downloads/MeuCaramelo/backend/src/services/externalApi.js","statementMap":{"0":{"start":{"line":2,"column":2},"end":{"line":2,"column":46}},"1":{"start":{"line":2,"column":27},"end":{"line":2,"column":44}},"2":{"start":{"line":3,"column":16},"end":{"line":3,"column":52}},"3":{"start":{"line":3,"column":40},"end":{"line":3,"column":51}},"4":{"start":{"line":4,"column":2},"end":{"line":4,"column":58}},"5":{"start":{"line":4,"column":20},"end":{"line":4,"column":58}},"6":{"start":{"line":5,"column":2},"end":{"line":5,"column":26}},"7":{"start":{"line":6,"column":2},"end":{"line":6,"column":14}},"8":{"start":{"line":8,"column":15},"end":{"line":30,"column":1}},"9":{"start":{"line":33,"column":2},"end":{"line":33,"column":46}},"10":{"start":{"line":33,"column":27},"end":{"line":33,"column":44}},"11":{"start":{"line":34,"column":2},"end":{"line":34,"column":21}},"12":{"start":{"line":38,"column":2},"end":{"line":38,"column":46}},"13":{"start":{"line":38,"column":27},"end":{"line":38,"column":44}},"14":{"start":{"line":39,"column":15},"end":{"line":39,"column":48}},"15":{"start":{"line":40,"column":2},"end":{"line":40,"column":20}},"16":{"start":{"line":41,"column":2},"end":{"line":41,"column":14}}},"fnMap":{"0":{"name":"apiRemovePet","decl":{"start":{"line":1,"column":22},"end":{"line":1,"column":34}},"loc":{"start":{"line":1,"column":39},"end":{"line":7,"column":1}},"line":1},"1":{"name":"(anonymous_1)","decl":{"start":{"line":2,"column":20},"end":{"line":2,"column":21}},"loc":{"start":{"line":2,"column":27},"end":{"line":2,"column":44}},"line":2},"2":{"name":"(anonymous_2)","decl":{"start":{"line":3,"column":33},"end":{"line":3,"column":34}},"loc":{"start":{"line":3,"column":40},"end":{"line":3,"column":51}},"line":3},"3":{"name":"apiListPets","decl":{"start":{"line":32,"column":22},"end":{"line":32,"column":33}},"loc":{"start":{"line":32,"column":36},"end":{"line":35,"column":1}},"line":32},"4":{"name":"(anonymous_4)","decl":{"start":{"line":33,"column":20},"end":{"line":33,"column":21}},"loc":{"start":{"line":33,"column":27},"end":{"line":33,"column":44}},"line":33},"5":{"name":"apiCreatePet","decl":{"start":{"line":37,"column":22},"end":{"line":37,"column":34}},"loc":{"start":{"line":37,"column":40},"end":{"line":42,"column":1}},"line":37},"6":{"name":"(anonymous_6)","decl":{"start":{"line":38,"column":20},"end":{"line":38,"column":21}},"loc":{"start":{"line":38,"column":27},"end":{"line":38,"column":44}},"line":38}},"branchMap":{"0":{"loc":{"start":{"line":4,"column":2},"end":{"line":4,"column":58}},"type":"if","locations":[{"start":{"line":4,"column":2},"end":{"line":4,"column":58}},{"start":{},"end":{}}],"line":4}},"s":{"0":3,"1":3,"2":3,"3":13,"4":3,"5":1,"6":2,"7":2,"8":1,"9":4,"10":4,"11":4,"12":4,"13":4,"14":4,"15":4,"16":4},"f":{"0":3,"1":3,"2":13,"3":4,"4":4,"5":4,"6":4},"b":{"0":[1,2]},"inputSourceMap":null,"_coverageSchema":"1a1c01bbd47fc00a2c39e90264f33305004495a9","hash":"aea0ff7c4528d55f6a4954369234a27539f008e7"}
}
