TN:
SF:src/pets/pets.js
FN:31,(anonymous_0)
FN:52,(anonymous_1)
FN:69,(anonymous_2)
FN:71,(anonymous_3)
FN:81,(anonymous_4)
FN:102,(anonymous_5)
FN:114,(anonymous_6)
FN:115,(anonymous_7)
FN:116,(anonymous_8)
FNF:9
FNH:9
FNDA:23,(anonymous_0)
FNDA:3,(anonymous_1)
FNDA:4,(anonymous_2)
FNDA:15,(anonymous_3)
FNDA:6,(anonymous_4)
FNDA:3,(anonymous_5)
FNDA:2,(anonymous_6)
FNDA:3,(anonymous_7)
FNDA:1,(anonymous_8)
DA:12,1
DA:32,23
DA:33,4
DA:35,19
DA:36,2
DA:38,17
DA:39,17
DA:40,17
DA:41,17
DA:42,17
DA:43,17
DA:44,17
DA:53,3
DA:70,4
DA:71,15
DA:83,6
DA:92,4
DA:103,3
DA:108,1
DA:114,2
DA:115,3
DA:116,1
DA:118,1
LF:23
LH:23
BRDA:32,0,0,4
BRDA:32,0,1,19
BRDA:32,1,0,23
BRDA:32,1,1,20
BRDA:35,2,0,2
BRDA:35,2,1,17
BRDA:35,3,0,19
BRDA:35,3,1,18
BRF:8
BRH:8
end_of_record
TN:
SF:src/searchDogs/searchDogs.js
FN:18,(anonymous_0)
FN:30,(anonymous_1)
FNF:2
FNH:2
FNDA:5,(anonymous_0)
FNDA:4,(anonymous_1)
DA:7,1
DA:19,5
DA:20,5
DA:31,4
DA:32,1
DA:34,3
DA:35,3
DA:39,3
DA:40,1
DA:42,2
DA:46,1
LF:11
LH:11
BRDA:31,0,0,1
BRDA:31,0,1,3
BRDA:31,1,0,4
BRDA:31,1,1,3
BRDA:34,2,0,2
BRDA:34,2,1,1
BRDA:39,3,0,1
BRDA:39,3,1,2
BRDA:39,4,0,3
BRDA:39,4,1,3
BRF:10
BRH:10
end_of_record
TN:
SF:src/services/externalApi.js
FN:15,apiRemovePet
FN:16,(anonymous_1)
FN:17,(anonymous_2)
FN:55,apiListPets
FN:56,(anonymous_4)
FN:66,apiCreatePet
FN:67,(anonymous_6)
FNF:7
FNH:7
FNDA:3,apiRemovePet
FNDA:3,(anonymous_1)
FNDA:13,(anonymous_2)
FNDA:4,apiListPets
FNDA:4,(anonymous_4)
FNDA:4,apiCreatePet
FNDA:4,(anonymous_6)
DA:16,3
DA:17,13
DA:18,3
DA:19,2
DA:20,2
DA:26,1
DA:56,4
DA:57,4
DA:67,4
DA:68,4
DA:69,4
DA:70,4
DA:73,1
LF:13
LH:13
BRDA:18,0,0,1
BRDA:18,0,1,2
BRF:2
BRH:2
end_of_record
