TN:
SF:src/pets/pets.js
FN:8,(anonymous_0)
FN:24,(anonymous_1)
FN:30,(anonymous_2)
FN:32,(anonymous_3)
FN:35,(anonymous_4)
FN:49,(anonymous_5)
FN:55,(anonymous_6)
FN:56,(anonymous_7)
FN:57,(anonymous_8)
FNF:9
FNH:9
FNDA:23,(anonymous_0)
FNDA:3,(anonymous_1)
FNDA:4,(anonymous_2)
FNDA:15,(anonymous_3)
FNDA:6,(anonymous_4)
FNDA:3,(anonymous_5)
FNDA:2,(anonymous_6)
FNDA:3,(anonymous_7)
FNDA:1,(anonymous_8)
DA:9,23
DA:10,4
DA:12,19
DA:13,2
DA:15,17
DA:16,17
DA:17,17
DA:18,17
DA:19,17
DA:20,17
DA:21,17
DA:25,3
DA:31,4
DA:32,15
DA:37,6
DA:46,4
DA:50,3
DA:54,1
DA:55,2
DA:56,3
DA:57,1
LF:21
LH:21
BRDA:9,0,0,4
BRDA:9,0,1,19
BRDA:9,1,0,23
BRDA:9,1,1,20
BRDA:12,2,0,2
BRDA:12,2,1,17
BRDA:12,3,0,19
BRDA:12,3,1,18
BRF:8
BRH:8
end_of_record
TN:
SF:src/services/externalApi.js
FN:1,apiRemovePet
FN:2,(anonymous_1)
FN:3,(anonymous_2)
FN:32,apiListPets
FN:33,(anonymous_4)
FN:37,apiCreatePet
FN:38,(anonymous_6)
FNF:7
FNH:7
FNDA:3,apiRemovePet
FNDA:3,(anonymous_1)
FNDA:13,(anonymous_2)
FNDA:4,apiListPets
FNDA:4,(anonymous_4)
FNDA:4,apiCreatePet
FNDA:4,(anonymous_6)
DA:2,3
DA:3,13
DA:4,3
DA:5,2
DA:6,2
DA:8,1
DA:33,4
DA:34,4
DA:38,4
DA:39,4
DA:40,4
DA:41,4
LF:12
LH:12
BRDA:4,0,0,1
BRDA:4,0,1,2
BRF:2
BRH:2
end_of_record
